<?xml version="1.0" encoding="UTF-8"?>
<!-- Generated by org.testng.reporters.JUnitXMLReporter -->
<testsuite hostname="INGUEUCLP000666" name="Command line test" tests="2" failures="1" timestamp="20 Feb 2018 20:38:02 GMT" time="59.085" errors="0">
  <testcase name="@AfterMethod afterMethod" time="0.0" classname="com.example.ProjectTest">
    <failure type="org.openqa.selenium.NoSuchSessionException" message="Session ID is null. Using WebDriver after calling quit()?
Build info: version: &amp;apos;3.7.1&amp;apos;, revision: &amp;apos;8a0099a&amp;apos;, time: &amp;apos;2017-11-06T21:01:39.354Z&amp;apos;
System info: host: &amp;apos;INGUEUCLP000666&amp;apos;, ip: &amp;apos;192.168.0.5&amp;apos;, os.name: &amp;apos;Windows 7&amp;apos;, os.arch: &amp;apos;amd64&amp;apos;, os.version: &amp;apos;6.1&amp;apos;, java.version: &amp;apos;1.8.0_161&amp;apos;
Driver info: driver.version: RemoteWebDriver">
      <![CDATA[org.openqa.selenium.NoSuchSessionException: Session ID is null. Using WebDriver after calling quit()?
Build info: version: '3.7.1', revision: '8a0099a', time: '2017-11-06T21:01:39.354Z'
System info: host: 'INGUEUCLP000666', ip: '192.168.0.5', os.name: 'Windows 7', os.arch: 'amd64', os.version: '6.1', java.version: '1.8.0_161'
Driver info: driver.version: RemoteWebDriver
	at org.openqa.selenium.remote.HttpCommandExecutor.execute(HttpCommandExecutor.java:131)
	at org.openqa.selenium.remote.service.DriverCommandExecutor.execute(DriverCommandExecutor.java:83)
	at org.openqa.selenium.remote.RemoteWebDriver.execute(RemoteWebDriver.java:600)
	at org.openqa.selenium.remote.RemoteWebDriver.execute(RemoteWebDriver.java:657)
	at org.openqa.selenium.remote.RemoteWebDriver.getScreenshotAs(RemoteWebDriver.java:342)
	at com.example.Actionwords.takeScreenshot(Actionwords.java:85)
	at com.example.Actionwords.getresult(Actionwords.java:113)
	at com.example.Actionwords.afterMethod(Actionwords.java:132)
... Removed 35 stack frames]]>
    </failure>
  </testcase> <!-- @AfterMethod afterMethod -->
  <testcase name="testLoginIntoFreeCRM" time="17.978" classname="com.example.ProjectTest"/>
  <testcase name="testVerifyHomePageTitle" time="10.744" classname="com.example.ProjectTest">
    <failure type="java.lang.AssertionError" message="expected [FreeCRM] but found [CRMPRO]">
      <![CDATA[java.lang.AssertionError: expected [FreeCRM] but found [CRMPRO]
	at com.example.ProjectTest.testVerifyHomePageTitle(ProjectTest.java:59)
... Removed 38 stack frames]]>
    </failure>
  </testcase> <!-- testVerifyHomePageTitle -->
</testsuite> <!-- Command line test -->
