<?xml version="1.0" encoding="UTF-8"?>
<testng-results skipped="0" failed="1" total="2" passed="1">
  <reporter-output>
  </reporter-output>
  <suite name="Default suite" duration-ms="47776" started-at="2018-02-20T21:18:41Z" finished-at="2018-02-20T21:19:29Z">
    <groups>
    </groups>
    <test name="Default test" duration-ms="47776" started-at="2018-02-20T21:18:41Z" finished-at="2018-02-20T21:19:29Z">
      <class name="com.example.ProjectTest">
        <test-method status="PASS" signature="reportSetUp(java.lang.reflect.Method)[pri:0, instance:com.example.ProjectTest@4e718207]" name="reportSetUp" is-config="true" duration-ms="25" started-at="2018-02-20T21:18:41Z" finished-at="2018-02-20T21:18:41Z">
          <params>
            <param index="0">
              <value>
                <![CDATA[public void com.example.ProjectTest.testLoginIntoFreeCRM()]]>
              </value>
            </param>
          </params>
          <reporter-output>
          </reporter-output>
        </test-method> <!-- reportSetUp -->
        <test-method status="PASS" signature="setUp()[pri:0, instance:com.example.ProjectTest@4e718207]" name="setUp" is-config="true" duration-ms="6160" started-at="2018-02-20T21:18:41Z" finished-at="2018-02-20T21:18:47Z">
          <reporter-output>
          </reporter-output>
        </test-method> <!-- setUp -->
        <test-method status="PASS" signature="testLoginIntoFreeCRM()[pri:0, instance:com.example.ProjectTest@4e718207]" name="testLoginIntoFreeCRM" duration-ms="13209" started-at="2018-02-20T21:18:47Z" finished-at="2018-02-20T21:19:00Z">
          <reporter-output>
          </reporter-output>
        </test-method> <!-- testLoginIntoFreeCRM -->
        <test-method status="PASS" signature="afterMethod(org.testng.ITestResult)[pri:0, instance:com.example.ProjectTest@4e718207]" name="afterMethod" is-config="true" duration-ms="2" started-at="2018-02-20T21:19:00Z" finished-at="2018-02-20T21:19:00Z">
          <params>
            <param index="0">
              <value>
                <![CDATA[[TestResult name=testLoginIntoFreeCRM status=SUCCESS method=ProjectTest.testLoginIntoFreeCRM()[pri:0, instance:com.example.ProjectTest@4e718207] output={null}]]]>
              </value>
            </param>
          </params>
          <reporter-output>
          </reporter-output>
        </test-method> <!-- afterMethod -->
        <test-method status="PASS" signature="tearDown()[pri:0, instance:com.example.ProjectTest@4e718207]" name="tearDown" is-config="true" duration-ms="1160" started-at="2018-02-20T21:19:00Z" finished-at="2018-02-20T21:19:01Z">
          <reporter-output>
          </reporter-output>
        </test-method> <!-- tearDown -->
        <test-method status="PASS" signature="reportSetUp(java.lang.reflect.Method)[pri:0, instance:com.example.ProjectTest@4e718207]" name="reportSetUp" is-config="true" duration-ms="1" started-at="2018-02-20T21:19:01Z" finished-at="2018-02-20T21:19:01Z">
          <params>
            <param index="0">
              <value>
                <![CDATA[public void com.example.ProjectTest.testVerifyHomePageTitle()]]>
              </value>
            </param>
          </params>
          <reporter-output>
          </reporter-output>
        </test-method> <!-- reportSetUp -->
        <test-method status="PASS" signature="setUp()[pri:0, instance:com.example.ProjectTest@4e718207]" name="setUp" is-config="true" duration-ms="11737" started-at="2018-02-20T21:19:01Z" finished-at="2018-02-20T21:19:13Z">
          <reporter-output>
          </reporter-output>
        </test-method> <!-- setUp -->
        <test-method status="FAIL" signature="testVerifyHomePageTitle()[pri:0, instance:com.example.ProjectTest@4e718207]" name="testVerifyHomePageTitle" duration-ms="12999" started-at="2018-02-20T21:19:13Z" finished-at="2018-02-20T21:19:26Z">
          <exception class="java.lang.AssertionError">
            <message>
              <![CDATA[expected [FreeCRM] but found [CRMPRO]]]>
            </message>
            <full-stacktrace>
              <![CDATA[java.lang.AssertionError: expected [FreeCRM] but found [CRMPRO]
	at org.testng.Assert.fail(Assert.java:94)
	at org.testng.Assert.failNotEquals(Assert.java:496)
	at org.testng.Assert.assertEquals(Assert.java:125)
	at org.testng.Assert.assertEquals(Assert.java:178)
	at org.testng.Assert.assertEquals(Assert.java:188)
	at com.example.ProjectTest.testVerifyHomePageTitle(ProjectTest.java:59)
	at sun.reflect.NativeMethodAccessorImpl.invoke0(Native Method)
	at sun.reflect.NativeMethodAccessorImpl.invoke(NativeMethodAccessorImpl.java:62)
	at sun.reflect.DelegatingMethodAccessorImpl.invoke(DelegatingMethodAccessorImpl.java:43)
	at java.lang.reflect.Method.invoke(Method.java:498)
	at org.testng.internal.MethodInvocationHelper.invokeMethod(MethodInvocationHelper.java:85)
	at org.testng.internal.Invoker.invokeMethod(Invoker.java:639)
	at org.testng.internal.Invoker.invokeTestMethod(Invoker.java:816)
	at org.testng.internal.Invoker.invokeTestMethods(Invoker.java:1124)
	at org.testng.internal.TestMethodWorker.invokeTestMethods(TestMethodWorker.java:125)
	at org.testng.internal.TestMethodWorker.run(TestMethodWorker.java:108)
	at org.testng.TestRunner.privateRun(TestRunner.java:774)
	at org.testng.TestRunner.run(TestRunner.java:624)
	at org.testng.SuiteRunner.runTest(SuiteRunner.java:359)
	at org.testng.SuiteRunner.runSequentially(SuiteRunner.java:354)
	at org.testng.SuiteRunner.privateRun(SuiteRunner.java:312)
	at org.testng.SuiteRunner.run(SuiteRunner.java:261)
	at org.testng.SuiteRunnerWorker.runSuite(SuiteRunnerWorker.java:52)
	at org.testng.SuiteRunnerWorker.run(SuiteRunnerWorker.java:86)
	at org.testng.TestNG.runSuitesSequentially(TestNG.java:1191)
	at org.testng.TestNG.runSuitesLocally(TestNG.java:1116)
	at org.testng.TestNG.run(TestNG.java:1024)
	at org.testng.remote.AbstractRemoteTestNG.run(AbstractRemoteTestNG.java:114)
	at org.testng.remote.RemoteTestNG.initAndRun(RemoteTestNG.java:251)
	at org.testng.remote.RemoteTestNG.main(RemoteTestNG.java:77)
]]>
            </full-stacktrace>
          </exception> <!-- java.lang.AssertionError -->
          <reporter-output>
          </reporter-output>
        </test-method> <!-- testVerifyHomePageTitle -->
        <test-method status="PASS" signature="afterMethod(org.testng.ITestResult)[pri:0, instance:com.example.ProjectTest@4e718207]" name="afterMethod" is-config="true" duration-ms="630" started-at="2018-02-20T21:19:26Z" finished-at="2018-02-20T21:19:27Z">
          <params>
            <param index="0">
              <value>
                <![CDATA[[TestResult name=testVerifyHomePageTitle status=FAILURE method=ProjectTest.testVerifyHomePageTitle()[pri:0, instance:com.example.ProjectTest@4e718207] output={null}]]]>
              </value>
            </param>
          </params>
          <reporter-output>
          </reporter-output>
        </test-method> <!-- afterMethod -->
        <test-method status="PASS" signature="tearDown()[pri:0, instance:com.example.ProjectTest@4e718207]" name="tearDown" is-config="true" duration-ms="1283" started-at="2018-02-20T21:19:27Z" finished-at="2018-02-20T21:19:28Z">
          <reporter-output>
          </reporter-output>
        </test-method> <!-- tearDown -->
        <test-method status="PASS" signature="endTest()[pri:0, instance:com.example.ProjectTest@4e718207]" name="endTest" is-config="true" duration-ms="524" started-at="2018-02-20T21:19:28Z" finished-at="2018-02-20T21:19:29Z">
          <reporter-output>
          </reporter-output>
        </test-method> <!-- endTest -->
      </class> <!-- com.example.ProjectTest -->
    </test> <!-- Default test -->
  </suite> <!-- Default suite -->
</testng-results>
